<?xml version="1.0" encoding="UTF-8"?>
<!-- Generated by org.testng.reporters.JUnitReportReporter -->
<testsuite skipped="0" hostname="ddc5-l-6020FTC" name="Demo02.writeExcel" tests="1" failures="0" timestamp="27 Mar 2019 12:06:26 GMT" time="4.720" errors="0">
  <testcase name="f" time="4.720" classname="Demo02.writeExcel"/>
</testsuite> <!-- Demo02.writeExcel -->
