<?xml version="1.0" encoding="UTF-8"?>
<!-- Generated by org.testng.reporters.JUnitReportReporter -->
<testsuite skipped="0" hostname="ddc5-l-6020FTC" name="Demo02.ActionSearchTextTest1" tests="1" failures="0" timestamp="27 Mar 2019 06:20:50 GMT" time="33.917" errors="0">
  <testcase name="f" time="33.917" classname="Demo02.ActionSearchTextTest1"/>
</testsuite> <!-- Demo02.ActionSearchTextTest1 -->
