<?xml version="1.0" encoding="UTF-8"?>
<!-- Generated by org.testng.reporters.JUnitReportReporter -->
<testsuite skipped="0" hostname="ddc5-l-6020FTC" name="report.CreateReports" tests="1" failures="0" timestamp="28 Mar 2019 09:50:53 GMT" time="21.739" errors="0">
  <testcase name="f" time="21.739" classname="report.CreateReports"/>
</testsuite> <!-- report.CreateReports -->
