<?xml version="1.0" encoding="UTF-8"?>
<!-- Generated by org.testng.reporters.JUnitReportReporter -->
<testsuite skipped="0" hostname="ddc5-l-6020FTC" name="test.VerifyRegisterPageFactory" tests="1" failures="0" timestamp="28 Mar 2019 07:53:45 GMT" time="65.222" errors="0">
  <testcase name="f" time="65.222" classname="test.VerifyRegisterPageFactory"/>
</testsuite> <!-- test.VerifyRegisterPageFactory -->
