<?xml version="1.0" encoding="UTF-8"?>
<!-- Generated by org.testng.reporters.JUnitReportReporter -->
<testsuite skipped="0" hostname="ddc5-l-6020FTC" name="test.verifyLogin" tests="1" failures="0" timestamp="28 Mar 2019 05:51:18 GMT" time="41.843" errors="0">
  <testcase name="f" time="41.843" classname="test.verifyLogin"/>
</testsuite> <!-- test.verifyLogin -->
