<?xml version="1.0" encoding="UTF-8"?>
<!-- Generated by org.testng.reporters.JUnitReportReporter -->
<testsuite skipped="0" hostname="ddc5-l-6020FTC" name="test.VerifyLoginPageFactory" tests="1" failures="0" timestamp="28 Mar 2019 06:00:06 GMT" time="23.493" errors="0">
  <testcase name="f" time="23.493" classname="test.VerifyLoginPageFactory"/>
</testsuite> <!-- test.VerifyLoginPageFactory -->
