<?xml version="1.0" encoding="UTF-8"?>
<!-- Generated by org.testng.reporters.JUnitReportReporter -->
<testsuite skipped="0" hostname="ddc5-l-6020FTC" name="Demo02.javaScriptExecutor" tests="1" failures="0" timestamp="27 Mar 2019 10:21:54 GMT" time="45.084" errors="0">
  <testcase name="f" time="45.084" classname="Demo02.javaScriptExecutor"/>
</testsuite> <!-- Demo02.javaScriptExecutor -->
