<?xml version="1.0" encoding="UTF-8"?>
<!-- Generated by org.testng.reporters.JUnitReportReporter -->
<testsuite skipped="0" hostname="ddc5-l-6020FTC" name="Demo02.readpoi" tests="1" failures="0" timestamp="27 Mar 2019 11:50:18 GMT" time="125.107" errors="0">
  <testcase name="f" time="125.107" classname="Demo02.readpoi"/>
</testsuite> <!-- Demo02.readpoi -->
